<?xml version="1.0" encoding="UTF-8"?>
<robot generator="Robot 5.0 (Python 3.9.12 on win32)" generated="20220427 22:56:28.935" rpa="false" schemaversion="3">
<suite id="s1" name="Contact Scenarious" source="C:\Users\rymar\PycharmProjects\rymarava_b30_python\rf\contact_scenarious.robot">
<kw name="Init Fixtures" library="rf.AddressBook" type="SETUP">
<status status="PASS" starttime="20220427 22:56:29.049" endtime="20220427 22:56:39.868"/>
</kw>
<test id="s1-t1" name="Add new contact" line="10">
<kw name="Get Contact List" library="rf.AddressBook">
<var>${old_list}</var>
<msg timestamp="20220427 22:56:39.871" level="INFO">${old_list} = [390:firstname1:lastname1, 392:firstname1:lastname1, 396:firstname1:lastname1, 397:firstname1:lastname1, 398:firstname2:lastname2]</msg>
<status status="PASS" starttime="20220427 22:56:39.869" endtime="20220427 22:56:39.871"/>
</kw>
<kw name="New Contact" library="rf.AddressBook">
<var>${contact}</var>
<arg>firstname1</arg>
<arg>lastname1</arg>
<arg>company1</arg>
<msg timestamp="20220427 22:56:39.872" level="INFO">${contact} = None:firstname1:lastname1</msg>
<status status="PASS" starttime="20220427 22:56:39.872" endtime="20220427 22:56:39.872"/>
</kw>
<kw name="Create Contact" library="rf.AddressBook">
<arg>${contact}</arg>
<status status="PASS" starttime="20220427 22:56:39.872" endtime="20220427 22:56:40.730"/>
</kw>
<kw name="Get Contact List" library="rf.AddressBook">
<var>${new_list}</var>
<msg timestamp="20220427 22:56:40.731" level="INFO">${new_list} = [390:firstname1:lastname1, 392:firstname1:lastname1, 396:firstname1:lastname1, 397:firstname1:lastname1, 398:firstname2:lastname2, 399:firstname1:lastname1]</msg>
<status status="PASS" starttime="20220427 22:56:40.730" endtime="20220427 22:56:40.731"/>
</kw>
<kw name="Append To List" library="Collections">
<arg>${old_list}</arg>
<arg>${contact}</arg>
<doc>Adds ``values`` to the end of ``list``.</doc>
<status status="PASS" starttime="20220427 22:56:40.732" endtime="20220427 22:56:40.732"/>
</kw>
<kw name="Contact Lists Should Be Equal" library="rf.AddressBook">
<arg>${new_list}</arg>
<arg>${old_list}</arg>
<status status="PASS" starttime="20220427 22:56:40.732" endtime="20220427 22:56:40.732"/>
</kw>
<status status="PASS" starttime="20220427 22:56:39.868" endtime="20220427 22:56:40.733"/>
</test>
<test id="s1-t2" name="Delete Contact" line="19">
<kw name="Get Contact List" library="rf.AddressBook">
<var>${old_list}</var>
<msg timestamp="20220427 22:56:40.738" level="INFO">${old_list} = [390:firstname1:lastname1, 392:firstname1:lastname1, 396:firstname1:lastname1, 397:firstname1:lastname1, 398:firstname2:lastname2, 399:firstname1:lastname1]</msg>
<status status="PASS" starttime="20220427 22:56:40.737" endtime="20220427 22:56:40.738"/>
</kw>
<kw name="Get Length" library="BuiltIn">
<var>${len}</var>
<arg>${old_list}</arg>
<doc>Returns and logs the length of the given item as an integer.</doc>
<msg timestamp="20220427 22:56:40.738" level="INFO">Length is 6</msg>
<msg timestamp="20220427 22:56:40.739" level="INFO">${len} = 6</msg>
<status status="PASS" starttime="20220427 22:56:40.738" endtime="20220427 22:56:40.739"/>
</kw>
<kw name="Evaluate" library="BuiltIn">
<var>${index}</var>
<arg>random.randrange(${len})</arg>
<arg>random</arg>
<doc>Evaluates the given expression in Python and returns the result.</doc>
<msg timestamp="20220427 22:56:40.739" level="INFO">${index} = 0</msg>
<status status="PASS" starttime="20220427 22:56:40.739" endtime="20220427 22:56:40.739"/>
</kw>
<kw name="Get From List" library="Collections">
<var>${contact}</var>
<arg>${old_list}</arg>
<arg>${index}</arg>
<doc>Returns the value specified with an ``index`` from ``list``.</doc>
<msg timestamp="20220427 22:56:40.739" level="INFO">${contact} = 390:firstname1:lastname1</msg>
<status status="PASS" starttime="20220427 22:56:40.739" endtime="20220427 22:56:40.739"/>
</kw>
<kw name="Delete Contact" library="rf.AddressBook">
<arg>${contact}</arg>
<status status="PASS" starttime="20220427 22:56:40.739" endtime="20220427 22:56:41.214"/>
</kw>
<kw name="Get Contact List" library="rf.AddressBook">
<var>${new_list}</var>
<msg timestamp="20220427 22:56:41.215" level="INFO">${new_list} = [392:firstname1:lastname1, 396:firstname1:lastname1, 397:firstname1:lastname1, 398:firstname2:lastname2, 399:firstname1:lastname1]</msg>
<status status="PASS" starttime="20220427 22:56:41.214" endtime="20220427 22:56:41.215"/>
</kw>
<kw name="Remove Values From List" library="Collections">
<arg>${old_list}</arg>
<arg>${contact}</arg>
<doc>Removes all occurrences of given ``values`` from ``list``.</doc>
<status status="PASS" starttime="20220427 22:56:41.216" endtime="20220427 22:56:41.216"/>
</kw>
<kw name="Contact Lists Should Be Equal" library="rf.AddressBook">
<arg>${new_list}</arg>
<arg>${old_list}</arg>
<status status="PASS" starttime="20220427 22:56:41.216" endtime="20220427 22:56:41.217"/>
</kw>
<status status="PASS" starttime="20220427 22:56:40.734" endtime="20220427 22:56:41.217"/>
</test>
<test id="s1-t3" name="Edit Contact" line="30">
<kw name="Get Contact List" library="rf.AddressBook">
<var>${old_list}</var>
<msg timestamp="20220427 22:56:41.224" level="INFO">${old_list} = [392:firstname1:lastname1, 396:firstname1:lastname1, 397:firstname1:lastname1, 398:firstname2:lastname2, 399:firstname1:lastname1]</msg>
<status status="PASS" starttime="20220427 22:56:41.222" endtime="20220427 22:56:41.224"/>
</kw>
<kw name="Edit Contact Data" library="rf.AddressBook">
<var>${contact}</var>
<arg>firstname2</arg>
<arg>lastname2</arg>
<arg>company2</arg>
<msg timestamp="20220427 22:56:41.224" level="INFO">${contact} = None:firstname2:lastname2</msg>
<status status="PASS" starttime="20220427 22:56:41.224" endtime="20220427 22:56:41.224"/>
</kw>
<kw name="Edit Contact" library="rf.AddressBook">
<arg>${contact}</arg>
<status status="PASS" starttime="20220427 22:56:41.224" endtime="20220427 22:56:42.066"/>
</kw>
<kw name="Get Contact List" library="rf.AddressBook">
<var>${new_list}</var>
<msg timestamp="20220427 22:56:42.068" level="INFO">${new_list} = [392:firstname1:lastname1, 396:firstname1:lastname1, 397:firstname1:lastname1, 398:firstname2:lastname2, 399:firstname1:lastname1, 400:firstname2:lastname2]</msg>
<status status="PASS" starttime="20220427 22:56:42.067" endtime="20220427 22:56:42.068"/>
</kw>
<kw name="Append To List" library="Collections">
<arg>${old_list}</arg>
<arg>${contact}</arg>
<doc>Adds ``values`` to the end of ``list``.</doc>
<status status="PASS" starttime="20220427 22:56:42.069" endtime="20220427 22:56:42.069"/>
</kw>
<kw name="Contact Lists Should Be Equal" library="rf.AddressBook">
<arg>${new_list}</arg>
<arg>${old_list}</arg>
<status status="PASS" starttime="20220427 22:56:42.070" endtime="20220427 22:56:42.070"/>
</kw>
<status status="PASS" starttime="20220427 22:56:41.219" endtime="20220427 22:56:42.071"/>
</test>
<kw name="Destroy Fixtures" library="rf.AddressBook" type="TEARDOWN">
<status status="PASS" starttime="20220427 22:56:42.074" endtime="20220427 22:56:42.605"/>
</kw>
<status status="PASS" starttime="20220427 22:56:28.936" endtime="20220427 22:56:42.605"/>
</suite>
<statistics>
<total>
<stat pass="3" fail="0" skip="0">All Tests</stat>
</total>
<tag>
</tag>
<suite>
<stat pass="3" fail="0" skip="0" id="s1" name="Contact Scenarious">Contact Scenarious</stat>
</suite>
</statistics>
<errors>
</errors>
</robot>
