<?xml version="1.0" encoding="UTF-8"?>
<robot generator="Robot 5.0 (Python 3.9.12 on win32)" generated="20220427 18:31:14.145" rpa="false" schemaversion="3">
<suite id="s1" name="Group Scenarious" source="C:\Users\rymar\PycharmProjects\rymarava_b30_python\rf\group_scenarious.robot">
<kw name="Init Fixtures" library="rf.AddressBook" type="SETUP">
<status status="PASS" starttime="20220427 18:31:14.253" endtime="20220427 18:31:24.620"/>
</kw>
<test id="s1-t1" name="Add new group" line="8">
<kw name="Get Group List" library="rf.AddressBook">
<var>${old_list}</var>
<msg timestamp="20220427 18:31:24.622" level="INFO">${old_list} = [432:123::]</msg>
<status status="PASS" starttime="20220427 18:31:24.621" endtime="20220427 18:31:24.622"/>
</kw>
<kw name="New Group" library="rf.AddressBook">
<var>${group}</var>
<arg>name1</arg>
<arg>header1</arg>
<arg>footer1</arg>
<msg timestamp="20220427 18:31:24.622" level="INFO">${group} = None:name1:header1:footer1</msg>
<status status="PASS" starttime="20220427 18:31:24.622" endtime="20220427 18:31:24.622"/>
</kw>
<kw name="Create Group" library="rf.AddressBook">
<arg>${group}</arg>
<status status="PASS" starttime="20220427 18:31:24.622" endtime="20220427 18:31:25.642"/>
</kw>
<kw name="Get Group List" library="rf.AddressBook">
<var>${new_list}</var>
<msg timestamp="20220427 18:31:25.644" level="INFO">${new_list} = [432:123::, 433:name1:header1:footer1]</msg>
<status status="PASS" starttime="20220427 18:31:25.643" endtime="20220427 18:31:25.644"/>
</kw>
<kw name="Append To List" library="Collections">
<arg>${old_list}</arg>
<arg>${group}</arg>
<doc>Adds ``values`` to the end of ``list``.</doc>
<status status="PASS" starttime="20220427 18:31:25.644" endtime="20220427 18:31:25.645"/>
</kw>
<kw name="Group Lists Should Be Equal" library="rf.AddressBook">
<arg>${new_list}</arg>
<arg>${old_list}</arg>
<status status="PASS" starttime="20220427 18:31:25.645" endtime="20220427 18:31:25.645"/>
</kw>
<status status="PASS" starttime="20220427 18:31:24.620" endtime="20220427 18:31:25.646"/>
</test>
<test id="s1-t2" name="Delete Group" line="17">
<kw name="Get Group List" library="rf.AddressBook">
<var>${old_list}</var>
<msg timestamp="20220427 18:31:25.652" level="INFO">${old_list} = [432:123::, 433:name1:header1:footer1]</msg>
<status status="PASS" starttime="20220427 18:31:25.651" endtime="20220427 18:31:25.652"/>
</kw>
<kw name="Get Length" library="BuiltIn">
<var>${len}</var>
<arg>${old_list}</arg>
<doc>Returns and logs the length of the given item as an integer.</doc>
<msg timestamp="20220427 18:31:25.653" level="INFO">Length is 2</msg>
<msg timestamp="20220427 18:31:25.653" level="INFO">${len} = 2</msg>
<status status="PASS" starttime="20220427 18:31:25.652" endtime="20220427 18:31:25.653"/>
</kw>
<kw name="Evaluate" library="BuiltIn">
<var>${index}</var>
<arg>random.randrange(${len})</arg>
<arg>random</arg>
<doc>Evaluates the given expression in Python and returns the result.</doc>
<msg timestamp="20220427 18:31:25.653" level="INFO">${index} = 0</msg>
<status status="PASS" starttime="20220427 18:31:25.653" endtime="20220427 18:31:25.653"/>
</kw>
<kw name="Get From List" library="Collections">
<var>${group}</var>
<arg>${old_list}</arg>
<arg>${index}</arg>
<doc>Returns the value specified with an ``index`` from ``list``.</doc>
<msg timestamp="20220427 18:31:25.654" level="INFO">${group} = 432:123::</msg>
<status status="PASS" starttime="20220427 18:31:25.654" endtime="20220427 18:31:25.654"/>
</kw>
<kw name="Delete Group" library="rf.AddressBook">
<arg>${group}</arg>
<status status="PASS" starttime="20220427 18:31:25.654" endtime="20220427 18:31:26.024"/>
</kw>
<kw name="Get Group List" library="rf.AddressBook">
<var>${new_list}</var>
<msg timestamp="20220427 18:31:26.025" level="INFO">${new_list} = [433:name1:header1:footer1]</msg>
<status status="PASS" starttime="20220427 18:31:26.025" endtime="20220427 18:31:26.025"/>
</kw>
<kw name="Remove Values From List" library="Collections">
<arg>${old_list}</arg>
<arg>${group}</arg>
<doc>Removes all occurrences of given ``values`` from ``list``.</doc>
<status status="PASS" starttime="20220427 18:31:26.026" endtime="20220427 18:31:26.026"/>
</kw>
<kw name="Group Lists Should Be Equal" library="rf.AddressBook">
<arg>${new_list}</arg>
<arg>${old_list}</arg>
<status status="PASS" starttime="20220427 18:31:26.027" endtime="20220427 18:31:26.027"/>
</kw>
<status status="PASS" starttime="20220427 18:31:25.648" endtime="20220427 18:31:26.027"/>
</test>
<kw name="Destroy Fixtures" library="rf.AddressBook" type="TEARDOWN">
<status status="PASS" starttime="20220427 18:31:26.029" endtime="20220427 18:31:26.571"/>
</kw>
<status status="PASS" starttime="20220427 18:31:14.147" endtime="20220427 18:31:26.571"/>
</suite>
<statistics>
<total>
<stat pass="2" fail="0" skip="0">All Tests</stat>
</total>
<tag>
</tag>
<suite>
<stat pass="2" fail="0" skip="0" id="s1" name="Group Scenarious">Group Scenarious</stat>
</suite>
</statistics>
<errors>
</errors>
</robot>
